Calculator3D/build/outputs/proguard/release/mapping.txt
com.dudkovlad.Calc3d.ButtonsAdapter -> com.dudkovlad.Calc3d.a:
    android.content.Context mContext -> a
    int tab_position -> b
    android.view.LayoutInflater lInflater -> c
    int getCount() -> getCount
    long getItemId(int) -> getItemId
    android.view.View getView(int,android.view.View,android.view.ViewGroup) -> getView
    java.lang.Object getItem(int) -> getItem
com.dudkovlad.Calc3d.ButtonsAdapter$1 -> com.dudkovlad.Calc3d.b:
    void onClick(android.view.View) -> onClick
com.dudkovlad.Calc3d.EnteringFragment -> com.dudkovlad.Calc3d.c:
    com.dudkovlad.Calc3d.MyCalc data_del -> a
    com.dudkovlad.Calc3d.PagesAdapter mPagesAdapter -> b
    android.support.v4.view.ViewPager mViewPager -> c
    android.widget.TextView equation_view -> d
    android.widget.TextView result_view -> e
    android.widget.TextView debugview -> f
    android.widget.LinearLayout mainLay -> g
    android.widget.ImageButton delete_button -> h
    android.content.Context context -> i
    android.view.View onCreateView(android.view.LayoutInflater,android.view.ViewGroup,android.os.Bundle) -> onCreateView
com.dudkovlad.Calc3d.EnteringFragment$1 -> com.dudkovlad.Calc3d.d:
    com.dudkovlad.Calc3d.EnteringFragment this$0 -> a
    void onClick(android.view.View) -> onClick
com.dudkovlad.Calc3d.EnteringFragment$2 -> com.dudkovlad.Calc3d.e:
    com.dudkovlad.Calc3d.EnteringFragment this$0 -> a
    boolean onLongClick(android.view.View) -> onLongClick
com.dudkovlad.Calc3d.EnteringFragment$3 -> com.dudkovlad.Calc3d.f:
    com.dudkovlad.Calc3d.EnteringFragment this$0 -> a
    void onClick(android.view.View) -> onClick
com.dudkovlad.Calc3d.EnteringFragment$4 -> com.dudkovlad.Calc3d.g:
    com.dudkovlad.Calc3d.EnteringFragment this$0 -> a
    boolean onLongClick(android.view.View) -> onLongClick
com.dudkovlad.Calc3d.MainActivity -> com.dudkovlad.Calc3d.MainActivity:
    android.content.Context context -> a
    com.dudkovlad.Calc3d.MyCalc data_del -> b
    com.dudkovlad.Calc3d.EnteringFragment mainFragment -> c
    void onCreate(android.os.Bundle) -> onCreate
    void AddToEquation(java.lang.String) -> a
    void onPause() -> onPause
com.dudkovlad.Calc3d.MyCalc -> com.dudkovlad.Calc3d.h:
    java.lang.String equation -> b
    java.lang.String result -> c
    android.widget.TextView equation_view -> a
    android.widget.TextView resultview -> d
    com.dudkovlad.Calc3d.Parser.Parser equation_parse -> e
    android.widget.TextView debugview -> f
    void DelFromEquation() -> a
    void DelAllFromEquation() -> b
    void Result() -> c
com.dudkovlad.Calc3d.PagesAdapter -> com.dudkovlad.Calc3d.i:
    android.content.Context mContext -> a
    int getCount() -> a
    android.app.Fragment getItem(int) -> a
com.dudkovlad.Calc3d.PagesFragment -> com.dudkovlad.Calc3d.j:
    android.content.Context context -> a
    com.dudkovlad.Calc3d.ButtonsAdapter mButtonsAdapter -> b
    com.dudkovlad.Calc3d.PagesFragment newInstance(int,android.content.Context) -> a
    android.view.View onCreateView(android.view.LayoutInflater,android.view.ViewGroup,android.os.Bundle) -> onCreateView
...
android.support.v4.view.ViewPager$Decor -> android.support.v4.view.X:
android.support.v4.view.ViewPager$ItemInfo -> android.support.v4.view.Y:
    java.lang.Object object -> a
    int position -> b
    boolean scrolling -> c
    float widthFactor -> d
    float offset -> e
android.support.v4.view.ViewPager$LayoutParams -> android.support.v4.view.Z:
    boolean isDecor -> a
    int gravity -> b
    float widthFactor -> c
    boolean needsMeasure -> d
    int position -> e
    int childIndex -> f
android.support.v4.view.ViewPager$MyAccessibilityDelegate -> android.support.v4.view.aa:
    android.support.v4.view.ViewPager this$0 -> b
    void onInitializeAccessibilityEvent(android.view.View,android.view.accessibility.AccessibilityEvent) -> d
    void onInitializeAccessibilityNodeInfo(android.view.View,android.support.v4.view.accessibility.AccessibilityNodeInfoCompat) -> a
    boolean performAccessibilityAction(android.view.View,int,android.os.Bundle) -> a
    boolean canScroll() -> a
android.support.v4.view.ViewPager$PagerObserver -> android.support.v4.view.ab:
    android.support.v4.view.ViewPager this$0 -> a
    void onChanged() -> onChanged
    void onInvalidated() -> onInvalidated
android.support.v4.view.ViewPager$SavedState -> android.support.v4.view.ac:
    int position -> a
    android.os.Parcelable adapterState -> b
    java.lang.ClassLoader loader -> c
    void writeToParcel(android.os.Parcel,int) -> writeToParcel
    java.lang.String toString() -> toString
android.support.v4.view.ViewPager$SavedState$1 -> android.support.v4.view.ad:
    java.lang.Object[] newArray(int) -> a
    java.lang.Object createFromParcel(android.os.Parcel,java.lang.ClassLoader) -> a
android.support.v4.view.ViewPager$ViewPositionComparator -> android.support.v4.view.ae:
    int compare(java.lang.Object,java.lang.Object) -> compare
android.support.v4.view.accessibility.AccessibilityNodeInfoCompat -> android.support.v4.view.a.a:
    android.support.v4.view.accessibility.AccessibilityNodeInfoCompat$AccessibilityNodeInfoImpl IMPL -> a
    java.lang.Object mInfo -> b
    java.lang.Object getInfo() -> a
    android.support.v4.view.accessibility.AccessibilityNodeInfoCompat obtain(android.support.v4.view.accessibility.AccessibilityNodeInfoCompat) -> a
    void setSource(android.view.View) -> a
    void addChild(android.view.View) -> b
    int getActions() -> b
    void addAction(int) -> a
    void setParent(android.view.View) -> c
    void getBoundsInParent(android.graphics.Rect) -> a
    void setBoundsInParent(android.graphics.Rect) -> b
    void getBoundsInScreen(android.graphics.Rect) -> c
    void setBoundsInScreen(android.graphics.Rect) -> d
    boolean isFocusable() -> c
    void setFocusable(boolean) -> a
    boolean isFocused() -> d
    void setFocused(boolean) -> b
    boolean isVisibleToUser() -> e
    void setVisibleToUser(boolean) -> c
    boolean isAccessibilityFocused() -> f
    void setAccessibilityFocused(boolean) -> d
    boolean isSelected() -> g
    void setSelected(boolean) -> e
    boolean isClickable() -> h
    void setClickable(boolean) -> f
    boolean isLongClickable() -> i
    void setLongClickable(boolean) -> g
    boolean isEnabled() -> j
    void setEnabled(boolean) -> h
    void setScrollable(boolean) -> i
    java.lang.CharSequence getPackageName() -> k