Calculator3D/build/outputs/proguard/release/usage.txt
com.dudkovlad.Calc3d.BuildConfig
com.dudkovlad.Calc3d.Data:
    8:8:public Data()
com.dudkovlad.Calc3d.MyEditText
com.dudkovlad.Calc3d.PagesAdapter:
    50:59:public java.lang.CharSequence getPageTitle(int)
com.dudkovlad.Calc3d.PagesFragment:
    static final java.lang.String ARGUMENT_PAGE_NUMBER
com.dudkovlad.Calc3d.Parser.Complex:
    59:59:public com.dudkovlad.Calc3d.Parser.Complex conjugate()
    115:115:public static com.dudkovlad.Calc3d.Parser.Complex pow(com.dudkovlad.Calc3d.Parser.Complex,com.dudkovlad.Calc3d.Parser.Complex)
    123:125:public static com.dudkovlad.Calc3d.Parser.Complex plus(com.dudkovlad.Calc3d.Parser.Complex,com.dudkovlad.Calc3d.Parser.Complex)
com.dudkovlad.Calc3d.Parser.Const
com.dudkovlad.Calc3d.Parser.Element_of_equation:
    26:29:Element_of_equation(com.dudkovlad.Calc3d.Parser.Complex)
com.dudkovlad.Calc3d.Parser.MyFunc:
    8:8:public MyFunc()
    30:38:public static java.lang.String[] Cut_put(java.lang.String[],java.lang.String[],int,int)
    83:89:public static java.lang.String[] Take_part(java.lang.String[],int,int)
com.dudkovlad.Calc3d.Parser.Parser:
    com.dudkovlad.Calc3d.Parser.Element_of_equation[][] equations
    int[] signs
    int num_of_variables
    25:27:public Parser(java.lang.String)
com.dudkovlad.Calc3d.R
com.dudkovlad.Calc3d.R$attr
com.dudkovlad.Calc3d.R$drawable
com.dudkovlad.Calc3d.R$id
com.dudkovlad.Calc3d.R$layout
com.dudkovlad.Calc3d.R$string
...
android.support.v4.view.PagerTabStrip
android.support.v4.view.PagerTabStrip$1
android.support.v4.view.PagerTabStrip$2
android.support.v4.view.PagerTitleStrip
android.support.v4.view.PagerTitleStrip$1
android.support.v4.view.PagerTitleStrip$PageListener
android.support.v4.view.PagerTitleStrip$PagerTitleStripImpl
android.support.v4.view.PagerTitleStrip$PagerTitleStripImplBase
android.support.v4.view.PagerTitleStrip$PagerTitleStripImplIcs
android.support.v4.view.PagerTitleStripIcs
android.support.v4.view.PagerTitleStripIcs$SingleLineAllCapsTransform
android.support.v4.view.ScaleGestureDetectorCompat
android.support.v4.view.ScaleGestureDetectorCompat$1
android.support.v4.view.ScaleGestureDetectorCompat$BaseScaleGestureDetectorImpl
android.support.v4.view.ScaleGestureDetectorCompat$ScaleGestureDetectorCompatKitKatImpl
android.support.v4.view.ScaleGestureDetectorCompat$ScaleGestureDetectorImpl
android.support.v4.view.ScaleGestureDetectorCompatKitKat
android.support.v4.view.VelocityTrackerCompat:
    25:51:public VelocityTrackerCompat()
android.support.v4.view.VelocityTrackerCompatHoneycomb:
    24:24:VelocityTrackerCompatHoneycomb()
android.support.v4.view.ViewCompat:
    private static final java.lang.String TAG
    public static final int OVER_SCROLL_ALWAYS
    public static final int OVER_SCROLL_IF_CONTENT_SCROLLS
    public static final int OVER_SCROLL_NEVER
    private static final long FAKE_FRAME_TIME
    public static final int IMPORTANT_FOR_ACCESSIBILITY_AUTO
    public static final int IMPORTANT_FOR_ACCESSIBILITY_YES
    public static final int IMPORTANT_FOR_ACCESSIBILITY_NO
    public static final int IMPORTANT_FOR_ACCESSIBILITY_NO_HIDE_DESCENDANTS
    public static final int ACCESSIBILITY_LIVE_REGION_NONE
    public static final int ACCESSIBILITY_LIVE_REGION_POLITE
    public static final int ACCESSIBILITY_LIVE_REGION_ASSERTIVE
    public static final int LAYER_TYPE_NONE
    public static final int LAYER_TYPE_SOFTWARE
    public static final int LAYER_TYPE_HARDWARE
    public static final int LAYOUT_DIRECTION_LTR
    public static final int LAYOUT_DIRECTION_RTL
    public static final int LAYOUT_DIRECTION_INHERIT
    public static final int LAYOUT_DIRECTION_LOCALE
    public static final int MEASURED_SIZE_MASK
    public static final int MEASURED_STATE_MASK
    public static final int MEASURED_HEIGHT_STATE_SHIFT
    public static final int MEASURED_STATE_TOO_SMALL
    43:962:public ViewCompat()
    1018:1018:public static boolean canScrollVertically(android.view.View,int)
    1048:1049:public static void setOverScrollMode(android.view.View,int)
android.support.v4.view.ViewCompat$AccessibilityLiveRegion